    OpenRGB v0.9
    Commit: b5f46e3f1de03595656c682fc2f068b66e735e63 from 2023-07-09 22:51:47 -0500
    Launched: 20240321_215935
====================================================================================================

1016  |Info:    Saving detector settings
1021  |Info:    ------------------------------------------------------
1021  |Info:    |               Start device detection               |
1021  |Info:    ------------------------------------------------------
1037  |Info:    Initializing HID interfaces: Success
1043  |Info:    ------------------------------------------------------
1043  |Info:    |             Detecting I2C interfaces               |
1043  |Info:    ------------------------------------------------------
1043  |Info:    ------------------------------------------------------
1043  |Info:    |               Detecting I2C devices                |
1043  |Info:    ------------------------------------------------------
1046  |Info:    ------------------------------------------------------
1046  |Info:    |               Detecting I2C PCI devices            |
1046  |Info:    ------------------------------------------------------
1048  |Info:    ------------------------------------------------------
1048  |Info:    |               Detecting HID devices                |
1048  |Info:    ------------------------------------------------------
1048  |Info:    ------------------------------------------------------
1048  |Info:    |              Detecting other devices               |
1048  |Info:    ------------------------------------------------------
1104  |Info:    ------------------------------------------------------
1105  |Info:    |                Detection completed                 |
1105  |Info:    ------------------------------------------------------
