    OpenRGB v0.9
    Commit: b5f46e3f1de03595656c682fc2f068b66e735e63 from 2023-07-09 22:51:47 -0500
    Launched: 20240321_220036
====================================================================================================

1011  |Info:    ------------------------------------------------------
1011  |Info:    |               Start device detection               |
1011  |Info:    ------------------------------------------------------
1021  |Info:    Initializing HID interfaces: Success
1028  |Info:    ------------------------------------------------------
1029  |Info:    |             Detecting I2C interfaces               |
1029  |Info:    ------------------------------------------------------
1029  |Info:    ------------------------------------------------------
1029  |Info:    |               Detecting I2C devices                |
1029  |Info:    ------------------------------------------------------
1029  |Info:    ------------------------------------------------------
1029  |Info:    |               Detecting I2C PCI devices            |
1029  |Info:    ------------------------------------------------------
1031  |Info:    ------------------------------------------------------
1031  |Info:    |               Detecting HID devices                |
1031  |Info:    ------------------------------------------------------
1031  |Info:    ------------------------------------------------------
1031  |Info:    |              Detecting other devices               |
1032  |Info:    ------------------------------------------------------
1062  |Info:    ------------------------------------------------------
1062  |Info:    |                Detection completed                 |
1062  |Info:    ------------------------------------------------------
