[2025-Jan-01 11:43:05.529 +02:00][ 1757: 1757][info ] Logging initialized
[2025-Jan-01 11:43:05.529 +02:00][ 1757: 1757][info ] Initializing krisp SDK...
[2025-Jan-01 11:43:05.529 +02:00][ 1757: 1757][info ] DoKrispInitialize
[2025-Jan-01 11:43:06.318 +02:00][ 1757: 1757][info ] LoadDynamicKrisp
[2025-Jan-01 11:43:06.318 +02:00][ 1757: 1757][info ] Did not find KRISP_DYLIB_PATH, skipping dynamic loading
[2025-Jan-01 11:43:06.318 +02:00][ 1757: 1757][info ] Initializing Krisp SDK in PID 1757, addr 0x7fee82f906f0
[2025-Jan-01 11:43:06.738 +02:00][ 1757: 1757][info ] Initialized Krisp SDK successfully
[2025-Jan-01 11:43:06.738 +02:00][ 1757: 1757][info ] Krisp SDK initialized
[2025-Jan-01 14:17:19.025 +02:00][25555:25555][info ] Logging initialized
[2025-Jan-01 14:17:19.026 +02:00][25555:25555][info ] Initializing krisp SDK...
[2025-Jan-01 14:17:19.026 +02:00][25555:25555][info ] DoKrispInitialize
[2025-Jan-01 14:17:19.470 +02:00][25555:25555][info ] LoadDynamicKrisp
[2025-Jan-01 14:17:19.470 +02:00][25555:25555][info ] Did not find KRISP_DYLIB_PATH, skipping dynamic loading
[2025-Jan-01 14:17:19.470 +02:00][25555:25555][info ] Initializing Krisp SDK in PID 25555, addr 0x7fe826b906f0
[2025-Jan-01 14:17:19.754 +02:00][25555:25555][info ] Initialized Krisp SDK successfully
[2025-Jan-01 14:17:19.754 +02:00][25555:25555][info ] Krisp SDK initialized
[2025-Jan-01 14:17:22.547 +02:00][25555:25555][info ] Logging initialized
[2025-Jan-01 14:17:22.547 +02:00][25555:25555][info ] Initializing krisp SDK...
[2025-Jan-01 14:17:22.547 +02:00][25555:25555][info ] Krisp SDK initialized
[2025-Jan-02 12:18:15.107 +02:00][ 7152: 7152][info ] Logging initialized
[2025-Jan-02 12:18:15.107 +02:00][ 7152: 7152][info ] Initializing krisp SDK...
[2025-Jan-02 12:18:15.107 +02:00][ 7152: 7152][info ] DoKrispInitialize
[2025-Jan-02 12:18:15.779 +02:00][ 7152: 7152][info ] LoadDynamicKrisp
[2025-Jan-02 12:18:15.779 +02:00][ 7152: 7152][info ] Did not find KRISP_DYLIB_PATH, skipping dynamic loading
[2025-Jan-02 12:18:15.779 +02:00][ 7152: 7152][info ] Initializing Krisp SDK in PID 7152, addr 0x7fabf41906f0
[2025-Jan-02 12:18:16.173 +02:00][ 7152: 7152][info ] Initialized Krisp SDK successfully
[2025-Jan-02 12:18:16.173 +02:00][ 7152: 7152][info ] Krisp SDK initialized
[2025-Jan-11 16:14:48.701 +02:00][28222:28222][info ] Logging initialized
[2025-Jan-11 16:14:48.701 +02:00][28222:28222][info ] Initializing krisp SDK...
[2025-Jan-11 16:14:48.701 +02:00][28222:28222][info ] DoKrispInitialize
[2025-Jan-11 16:14:49.218 +02:00][28222:28222][info ] LoadDynamicKrisp
[2025-Jan-11 16:14:49.218 +02:00][28222:28222][info ] Did not find KRISP_DYLIB_PATH, skipping dynamic loading
[2025-Jan-11 16:14:49.218 +02:00][28222:28222][info ] Initializing Krisp SDK in PID 28222, addr 0x7fc0fcd906f0
[2025-Jan-11 16:14:49.528 +02:00][28222:28222][info ] Initialized Krisp SDK successfully
[2025-Jan-11 16:14:49.528 +02:00][28222:28222][info ] Krisp SDK initialized
[2025-Jan-18 02:41:10.824 +02:00][ 9964: 9964][info ] Logging initialized
[2025-Jan-18 02:41:10.825 +02:00][ 9964: 9964][info ] Initializing krisp SDK...
[2025-Jan-18 02:41:10.825 +02:00][ 9964: 9964][info ] DoKrispInitialize
[2025-Jan-18 02:41:11.267 +02:00][ 9964: 9964][info ] LoadDynamicKrisp
[2025-Jan-18 02:41:11.267 +02:00][ 9964: 9964][info ] Did not find KRISP_DYLIB_PATH, skipping dynamic loading
[2025-Jan-18 02:41:11.267 +02:00][ 9964: 9964][info ] Initializing Krisp SDK in PID 9964, addr 0x7fbb463906f0
[2025-Jan-18 02:41:11.586 +02:00][ 9964: 9964][info ] Initialized Krisp SDK successfully
[2025-Jan-18 02:41:11.586 +02:00][ 9964: 9964][info ] Krisp SDK initialized
